<?xml version="1.0" encoding="UTF-8"?>
<testng-results skipped="0" failed="0" ignored="0" total="2" passed="2">
  <reporter-output>
  </reporter-output>
  <suite name="Banking-View" duration-ms="133034" started-at="2020-09-28T22:12:08 IST" finished-at="2020-09-28T22:14:21 IST">
    <groups>
    </groups>
    <test name="Login" duration-ms="70387" started-at="2020-09-28T22:12:08 IST" finished-at="2020-09-28T22:13:19 IST">
      <class name="testCases.loginpage">
        <test-method status="PASS" signature="Loginpage()[pri:0, instance:testCases.loginpage@23e028a9]" name="Loginpage" duration-ms="70329" started-at="2020-09-28T22:12:08 IST" finished-at="2020-09-28T22:13:19 IST">
          <reporter-output>
          </reporter-output>
        </test-method> <!-- Loginpage -->
      </class> <!-- testCases.loginpage -->
    </test> <!-- Login -->
    <test name="ViewChecking" duration-ms="62609" started-at="2020-09-28T22:13:19 IST" finished-at="2020-09-28T22:14:21 IST">
      <class name="testCases.standaradChecking">
        <test-method status="PASS" signature="launchbrowser()[pri:0, instance:testCases.standaradChecking@5d76b067]" name="launchbrowser" is-config="true" duration-ms="23488" started-at="2020-09-28T22:11:45 IST" finished-at="2020-09-28T22:12:08 IST">
          <reporter-output>
          </reporter-output>
        </test-method> <!-- launchbrowser -->
        <test-method status="PASS" signature="StandardCheckingCreation()[pri:0, instance:testCases.standaradChecking@5d76b067]" name="StandardCheckingCreation" duration-ms="62602" started-at="2020-09-28T22:13:19 IST" finished-at="2020-09-28T22:14:21 IST">
          <reporter-output>
          </reporter-output>
        </test-method> <!-- StandardCheckingCreation -->
        <test-method status="PASS" signature="teardown()[pri:0, instance:testCases.standaradChecking@5d76b067]" name="teardown" is-config="true" duration-ms="0" started-at="2020-09-28T22:14:21 IST" finished-at="2020-09-28T22:14:21 IST">
          <reporter-output>
          </reporter-output>
        </test-method> <!-- teardown -->
      </class> <!-- testCases.standaradChecking -->
    </test> <!-- ViewChecking -->
  </suite> <!-- Banking-View -->
</testng-results>
