<?xml version="1.0" encoding="UTF-8"?>
<testng-results skipped="0" failed="0" ignored="0" total="3" passed="3">
  <reporter-output>
  </reporter-output>
  <suite name="Banking-View" duration-ms="32811" started-at="2020-09-28T21:03:42 IST" finished-at="2020-09-28T21:04:15 IST">
    <groups>
    </groups>
    <test name="Login" duration-ms="9535" started-at="2020-09-28T21:03:42 IST" finished-at="2020-09-28T21:03:51 IST">
      <class name="testCases.loginpage">
        <test-method status="PASS" signature="Loginpage()[pri:0, instance:testCases.loginpage@23e028a9]" name="Loginpage" duration-ms="9061" started-at="2020-09-28T21:03:42 IST" finished-at="2020-09-28T21:03:51 IST">
          <reporter-output>
          </reporter-output>
        </test-method> <!-- Loginpage -->
      </class> <!-- testCases.loginpage -->
    </test> <!-- Login -->
    <test name="ViewChecking" duration-ms="15831" started-at="2020-09-28T21:03:52 IST" finished-at="2020-09-28T21:04:07 IST">
      <class name="testCases.TransactionDeposit">
        <test-method status="PASS" signature="deposittransactions()[pri:0, instance:testCases.TransactionDeposit@5d76b067]" name="deposittransactions" duration-ms="15821" started-at="2020-09-28T21:03:52 IST" finished-at="2020-09-28T21:04:07 IST">
          <reporter-output>
          </reporter-output>
        </test-method> <!-- deposittransactions -->
      </class> <!-- testCases.TransactionDeposit -->
    </test> <!-- ViewChecking -->
    <test name="Creation of StandaradChecking" duration-ms="7173" started-at="2020-09-28T21:04:08 IST" finished-at="2020-09-28T21:04:15 IST">
      <class name="testCases.TransactionsWithdraw">
        <test-method status="PASS" signature="launchbrowser()[pri:0, instance:testCases.TransactionsWithdraw@1c3a4799]" name="launchbrowser" is-config="true" duration-ms="27581" started-at="2020-09-28T21:03:14 IST" finished-at="2020-09-28T21:03:42 IST">
          <reporter-output>
          </reporter-output>
        </test-method> <!-- launchbrowser -->
        <test-method status="PASS" signature="withdrawtransactions()[pri:0, instance:testCases.TransactionsWithdraw@1c3a4799]" name="withdrawtransactions" duration-ms="7168" started-at="2020-09-28T21:04:08 IST" finished-at="2020-09-28T21:04:15 IST">
          <reporter-output>
          </reporter-output>
        </test-method> <!-- withdrawtransactions -->
        <test-method status="PASS" signature="teardown()[pri:0, instance:testCases.TransactionsWithdraw@1c3a4799]" name="teardown" is-config="true" duration-ms="1" started-at="2020-09-28T21:04:15 IST" finished-at="2020-09-28T21:04:15 IST">
          <reporter-output>
          </reporter-output>
        </test-method> <!-- teardown -->
      </class> <!-- testCases.TransactionsWithdraw -->
    </test> <!-- Creation of StandaradChecking -->
  </suite> <!-- Banking-View -->
</testng-results>
