<?xml version="1.0" encoding="UTF-8"?>
<!-- Generated by org.testng.reporters.JUnitXMLReporter -->
<testsuite hostname="THSLT10073" ignored="0" name="Login" tests="1" failures="0" timestamp="2020-09-27T23:49:49 IST" time="0.073" errors="0">
  <testcase name="@BeforeSuite launchbrowser" time="0.017" classname="commonFunctions.Commonfunctions">
    <failure type="java.lang.NullPointerException">
      <![CDATA[java.lang.NullPointerException
at java.util.Hashtable.put(Hashtable.java:460)
at java.util.Properties.setProperty(Properties.java:166)
at java.lang.System.setProperty(System.java:796)
at commonFunctions.Commonfunctions.launchbrowser(Commonfunctions.java:39)
... Removed 19 stack frames]]>
    </failure>
  </testcase> <!-- @BeforeSuite launchbrowser -->
  <testcase name="viewchecking" time="0.0" classname="testCases.ViewChecking">
    <skipped/>
  </testcase> <!-- viewchecking -->
</testsuite> <!-- Login -->
